[2026-02-17 07:15:57Z INFO HostContext] No proxy settings were found based on environmental variables (http_proxy/https_proxy/HTTP_PROXY/HTTPS_PROXY)
[2026-02-17 07:15:57Z INFO HostContext] Well known directory 'Bin': 'C:\Users\Romdhani\Desktop\devops\actions-runner\bin'
[2026-02-17 07:15:57Z INFO HostContext] Well known directory 'Root': 'C:\Users\Romdhani\Desktop\devops\actions-runner'
[2026-02-17 07:15:57Z INFO HostContext] Well known config file 'Credentials': 'C:\Users\Romdhani\Desktop\devops\actions-runner\.credentials'
[2026-02-17 07:15:57Z INFO HostContext] Well known directory 'Bin': 'C:\Users\Romdhani\Desktop\devops\actions-runner\bin'
[2026-02-17 07:15:57Z INFO HostContext] Well known directory 'Root': 'C:\Users\Romdhani\Desktop\devops\actions-runner'
[2026-02-17 07:15:57Z INFO HostContext] Well known config file 'Runner': 'C:\Users\Romdhani\Desktop\devops\actions-runner\.runner'
[2026-02-17 07:15:57Z INFO Listener] Runner is built for Windows (X64) - win-x64.
[2026-02-17 07:15:57Z INFO Listener] RuntimeInformation: Microsoft Windows 10.0.26200.
[2026-02-17 07:15:57Z INFO Listener] Version: 2.331.0
[2026-02-17 07:15:57Z INFO Listener] Commit: 39f6c643d3032f8795fa71f1482731ca90c8e038
[2026-02-17 07:15:57Z INFO Listener] Culture: en-US
[2026-02-17 07:15:57Z INFO Listener] UI Culture: en-US
[2026-02-17 07:15:57Z INFO HostContext] Well known directory 'Bin': 'C:\Users\Romdhani\Desktop\devops\actions-runner\bin'
[2026-02-17 07:15:57Z INFO HostContext] Well known directory 'Root': 'C:\Users\Romdhani\Desktop\devops\actions-runner'
[2026-02-17 07:15:57Z INFO Listener] Validating directory permissions for: 'C:\Users\Romdhani\Desktop\devops\actions-runner'
[2026-02-17 07:15:57Z INFO CommandLineParser] Parse
[2026-02-17 07:15:57Z INFO CommandLineParser] Parsing 1 args
[2026-02-17 07:15:57Z INFO CommandLineParser] parsing argument
[2026-02-17 07:15:57Z INFO CommandLineParser] HasArgs: False
[2026-02-17 07:15:57Z INFO CommandLineParser] Adding Command: run
[2026-02-17 07:15:57Z INFO Listener] Arguments parsed
[2026-02-17 07:15:57Z INFO Runner] ExecuteCommand
[2026-02-17 07:15:57Z INFO ConfigurationStore] currentAssemblyLocation: C:\Users\Romdhani\Desktop\devops\actions-runner\bin\Runner.Listener.dll
[2026-02-17 07:15:57Z INFO HostContext] Well known directory 'Bin': 'C:\Users\Romdhani\Desktop\devops\actions-runner\bin'
[2026-02-17 07:15:57Z INFO ConfigurationStore] binPath: C:\Users\Romdhani\Desktop\devops\actions-runner\bin
[2026-02-17 07:15:57Z INFO HostContext] Well known directory 'Bin': 'C:\Users\Romdhani\Desktop\devops\actions-runner\bin'
[2026-02-17 07:15:57Z INFO HostContext] Well known directory 'Root': 'C:\Users\Romdhani\Desktop\devops\actions-runner'
[2026-02-17 07:15:57Z INFO ConfigurationStore] RootFolder: C:\Users\Romdhani\Desktop\devops\actions-runner
[2026-02-17 07:15:57Z INFO HostContext] Well known directory 'Bin': 'C:\Users\Romdhani\Desktop\devops\actions-runner\bin'
[2026-02-17 07:15:57Z INFO HostContext] Well known directory 'Root': 'C:\Users\Romdhani\Desktop\devops\actions-runner'
[2026-02-17 07:15:57Z INFO HostContext] Well known config file 'Runner': 'C:\Users\Romdhani\Desktop\devops\actions-runner\.runner'
[2026-02-17 07:15:57Z INFO ConfigurationStore] ConfigFilePath: C:\Users\Romdhani\Desktop\devops\actions-runner\.runner
[2026-02-17 07:15:57Z INFO HostContext] Well known directory 'Bin': 'C:\Users\Romdhani\Desktop\devops\actions-runner\bin'
[2026-02-17 07:15:57Z INFO HostContext] Well known directory 'Root': 'C:\Users\Romdhani\Desktop\devops\actions-runner'
[2026-02-17 07:15:57Z INFO HostContext] Well known config file 'MigratedRunner': 'C:\Users\Romdhani\Desktop\devops\actions-runner\.runner_migrated'
[2026-02-17 07:15:57Z INFO ConfigurationStore] MigratedConfigFilePath: C:\Users\Romdhani\Desktop\devops\actions-runner\.runner_migrated
[2026-02-17 07:15:57Z INFO HostContext] Well known directory 'Bin': 'C:\Users\Romdhani\Desktop\devops\actions-runner\bin'
[2026-02-17 07:15:57Z INFO HostContext] Well known directory 'Root': 'C:\Users\Romdhani\Desktop\devops\actions-runner'
[2026-02-17 07:15:57Z INFO HostContext] Well known config file 'Credentials': 'C:\Users\Romdhani\Desktop\devops\actions-runner\.credentials'
[2026-02-17 07:15:57Z INFO ConfigurationStore] CredFilePath: C:\Users\Romdhani\Desktop\devops\actions-runner\.credentials
[2026-02-17 07:15:57Z INFO HostContext] Well known directory 'Bin': 'C:\Users\Romdhani\Desktop\devops\actions-runner\bin'
[2026-02-17 07:15:57Z INFO HostContext] Well known directory 'Root': 'C:\Users\Romdhani\Desktop\devops\actions-runner'
[2026-02-17 07:15:57Z INFO HostContext] Well known config file 'MigratedCredentials': 'C:\Users\Romdhani\Desktop\devops\actions-runner\.credentials_migrated'
[2026-02-17 07:15:57Z INFO ConfigurationStore] MigratedCredFilePath: C:\Users\Romdhani\Desktop\devops\actions-runner\.credentials_migrated
[2026-02-17 07:15:57Z INFO HostContext] Well known directory 'Bin': 'C:\Users\Romdhani\Desktop\devops\actions-runner\bin'
[2026-02-17 07:15:57Z INFO HostContext] Well known directory 'Root': 'C:\Users\Romdhani\Desktop\devops\actions-runner'
[2026-02-17 07:15:57Z INFO HostContext] Well known config file 'Service': 'C:\Users\Romdhani\Desktop\devops\actions-runner\.service'
[2026-02-17 07:15:57Z INFO ConfigurationStore] ServiceConfigFilePath: C:\Users\Romdhani\Desktop\devops\actions-runner\.service
[2026-02-17 07:15:57Z INFO CommandSettings] Flag 'help': 'False'
[2026-02-17 07:15:57Z INFO CommandSettings] Flag 'version': 'False'
[2026-02-17 07:15:57Z INFO CommandSettings] Flag 'commit': 'False'
[2026-02-17 07:15:57Z INFO CommandSettings] Flag 'check': 'False'
[2026-02-17 07:15:57Z INFO CommandSettings] Command 'configure': 'False'
[2026-02-17 07:15:57Z INFO CommandSettings] Command 'remove': 'False'
[2026-02-17 07:15:57Z INFO CommandSettings] Command 'warmup': 'False'
[2026-02-17 07:15:57Z INFO ConfigurationManager] LoadSettings
[2026-02-17 07:15:57Z INFO ConfigurationStore] IsConfigured()
[2026-02-17 07:15:57Z INFO ConfigurationStore] IsConfigured: True
[2026-02-17 07:15:57Z INFO ConfigurationManager] Is configured: True
[2026-02-17 07:15:57Z INFO ConfigurationStore] Read setting file: 414 chars
[2026-02-17 07:15:57Z INFO ConfigurationManager] Settings Loaded
[2026-02-17 07:15:57Z INFO ConfigurationStore] IsServiceConfigured()
[2026-02-17 07:15:57Z INFO ConfigurationStore] IsServiceConfigured: False
[2026-02-17 07:15:57Z INFO CommandSettings] Command 'run': 'True'
[2026-02-17 07:15:57Z INFO ConfigurationStore] IsConfigured()
[2026-02-17 07:15:57Z INFO ConfigurationStore] IsConfigured: True
[2026-02-17 07:15:57Z INFO ConfigurationManager] Is configured: True
[2026-02-17 07:15:57Z INFO Runner] Could not parse the argument value '' for StartupType. Defaulting to Manual
[2026-02-17 07:15:57Z INFO Runner] Set runner startup type - Manual
[2026-02-17 07:15:57Z INFO CommandSettings] Flag 'once': 'False'
[2026-02-17 07:15:57Z INFO CommandSettings] Flag 'once': 'False'
[2026-02-17 07:15:57Z INFO Runner] RunAsync
[2026-02-17 07:15:57Z INFO ConfigurationManager] LoadMigratedSettings
[2026-02-17 07:15:57Z INFO ConfigurationStore] IsMigratedConfigured()
[2026-02-17 07:15:57Z INFO ConfigurationStore] IsMigratedConfigured: False
[2026-02-17 07:15:57Z INFO Runner] Failed to load migrated settings: No migrated configuration found.
[2026-02-17 07:15:57Z INFO Runner] Falling back to original .runner settings
[2026-02-17 07:15:57Z INFO Runner] Using BrokerMessageListener
[2026-02-17 07:15:57Z INFO BrokerMessageListener] Using provided settings
[2026-02-17 07:15:57Z INFO BrokerMessageListener] {
  "AgentId": 22,
  "AgentName": "DESKTOP-D5GHN4B",
  "PoolId": 1,
  "PoolName": "Default",
  "ServerUrl": "https://pipelinesghubeus11.actions.githubusercontent.com/XcSMkQgsD3ZKfQMRBeieC98kcnKB45ts6USQkpszGzKbHOI0Yv/",
  "GitHubUrl": "https://github.com/Romdhani-void/url-shortener-devops",
  "WorkFolder": "_work",
  "UseV2Flow": true,
  "ServerUrlV2": "https://broker.actions.githubusercontent.com/"
}
[2026-02-17 07:15:57Z INFO BrokerMessageListener] Loading Credentials
[2026-02-17 07:15:57Z INFO ConfigurationStore] HasCredentials()
[2026-02-17 07:15:57Z INFO ConfigurationStore] stored True
[2026-02-17 07:15:57Z INFO CredentialManager] GetCredentialProvider
[2026-02-17 07:15:57Z INFO CredentialManager] Creating type OAuth
[2026-02-17 07:15:57Z INFO CredentialManager] Creating credential type: OAuth
[2026-02-17 07:15:57Z INFO HostContext] Well known directory 'Bin': 'C:\Users\Romdhani\Desktop\devops\actions-runner\bin'
[2026-02-17 07:15:57Z INFO HostContext] Well known directory 'Root': 'C:\Users\Romdhani\Desktop\devops\actions-runner'
[2026-02-17 07:15:57Z INFO HostContext] Well known config file 'RSACredentials': 'C:\Users\Romdhani\Desktop\devops\actions-runner\.credentials_rsaparams'
[2026-02-17 07:15:57Z INFO RSAEncryptedFileKeyManager] Loading RSA key parameters from file C:\Users\Romdhani\Desktop\devops\actions-runner\.credentials_rsaparams
[2026-02-17 07:15:57Z INFO BrokerMessageListener] Attempt to create session.
[2026-02-17 07:15:57Z INFO BrokerMessageListener] Connecting to the Broker Server...
[2026-02-17 07:15:57Z INFO ConfigurationStore] HasCredentials()
[2026-02-17 07:15:57Z INFO ConfigurationStore] stored True
[2026-02-17 07:15:57Z INFO CredentialManager] GetCredentialProvider
[2026-02-17 07:15:57Z INFO CredentialManager] Creating type OAuth
[2026-02-17 07:15:57Z INFO CredentialManager] Creating credential type: OAuth
[2026-02-17 07:15:57Z INFO RSAEncryptedFileKeyManager] Loading RSA key parameters from file C:\Users\Romdhani\Desktop\devops\actions-runner\.credentials_rsaparams
[2026-02-17 07:15:57Z INFO BrokerMessageListener] VssConnection created
[2026-02-17 07:15:57Z INFO BrokerMessageListener] Connecting to the Runner server...
[2026-02-17 07:15:57Z INFO RunnerServer] EstablishVssConnection
[2026-02-17 07:15:57Z INFO RunnerServer] Establish connection with 100 seconds timeout.
[2026-02-17 07:15:57Z INFO GitHubActionsService] Starting operation Location.GetConnectionData
[2026-02-17 07:15:58Z INFO RunnerServer] EstablishVssConnection
[2026-02-17 07:15:58Z INFO RunnerServer] Establish connection with 60 seconds timeout.
[2026-02-17 07:15:58Z INFO GitHubActionsService] Starting operation Location.GetConnectionData
[2026-02-17 07:15:58Z INFO RunnerServer] EstablishVssConnection
[2026-02-17 07:15:58Z INFO RunnerServer] Establish connection with 60 seconds timeout.
[2026-02-17 07:15:58Z INFO GitHubActionsService] Starting operation Location.GetConnectionData
[2026-02-17 07:15:58Z INFO GitHubActionsService] Finished operation Location.GetConnectionData
[2026-02-17 07:15:58Z INFO GitHubActionsService] Finished operation Location.GetConnectionData
[2026-02-17 07:15:58Z INFO GitHubActionsService] Finished operation Location.GetConnectionData
[2026-02-17 07:15:58Z INFO BrokerMessageListener] VssConnection created
[2026-02-17 07:15:58Z INFO Terminal] WRITE LINE: 
[2026-02-17 07:15:58Z INFO Terminal] WRITE LINE: 
[2026-02-17 07:15:58Z INFO RSAEncryptedFileKeyManager] Loading RSA key parameters from file C:\Users\Romdhani\Desktop\devops\actions-runner\.credentials_rsaparams
[2026-02-17 07:15:58Z INFO RSAEncryptedFileKeyManager] Loading RSA key parameters from file C:\Users\Romdhani\Desktop\devops\actions-runner\.credentials_rsaparams
[2026-02-17 07:15:59Z INFO GitHubActionsService] AAD Correlation ID for this token request: Unknown
[2026-02-17 07:16:00Z INFO BrokerMessageListener] Session created.
[2026-02-17 07:16:00Z INFO Terminal] WRITE LINE: Current runner version: '2.331.0'
[2026-02-17 07:16:00Z INFO Terminal] WRITE LINE: 2026-02-17 07:16:00Z: Listening for Jobs
[2026-02-17 07:16:00Z INFO JobDispatcher] Set runner/worker IPC timeout to 30 seconds.
[2026-02-17 07:16:01Z INFO BrokerMessageListener] Acknowledging runner request '30110e6c-03b5-5339-9d3b-6fc96c5f0d7e'.
[2026-02-17 07:16:01Z INFO ConfigurationStore] HasCredentials()
[2026-02-17 07:16:01Z INFO ConfigurationStore] stored True
[2026-02-17 07:16:01Z INFO CredentialManager] GetCredentialProvider
[2026-02-17 07:16:01Z INFO CredentialManager] Creating type OAuth
[2026-02-17 07:16:01Z INFO CredentialManager] Creating credential type: OAuth
[2026-02-17 07:16:01Z INFO RSAEncryptedFileKeyManager] Loading RSA key parameters from file C:\Users\Romdhani\Desktop\devops\actions-runner\.credentials_rsaparams
[2026-02-17 07:16:01Z INFO RSAEncryptedFileKeyManager] Loading RSA key parameters from file C:\Users\Romdhani\Desktop\devops\actions-runner\.credentials_rsaparams
[2026-02-17 07:16:01Z INFO RSAEncryptedFileKeyManager] Loading RSA key parameters from file C:\Users\Romdhani\Desktop\devops\actions-runner\.credentials_rsaparams
[2026-02-17 07:16:02Z INFO GitHubActionsService] AAD Correlation ID for this token request: Unknown
[2026-02-17 07:16:03Z INFO JobDispatcher] Job request 0 for plan f04d072d-2dd7-4d26-8903-65560c9ee5ab job 987a06e6-a296-510d-9da4-cca152fc13ce received.
[2026-02-17 07:16:03Z INFO JobDispatcher] Pull OrchestrationId f04d072d-2dd7-4d26-8903-65560c9ee5ab.continuous-deployment.__default from JWT claims
[2026-02-17 07:16:03Z INFO BrokerMessageListener] Received job status event. JobState: Busy
[2026-02-17 07:16:03Z INFO BrokerMessageListener] _getMessagesTokenSource is already disposed.
[2026-02-17 07:16:03Z INFO Terminal] WRITE LINE: 2026-02-17 07:16:03Z: Running job: continuous-deployment
[2026-02-17 07:16:03Z INFO JobDispatcher] Start renew job request 0 for job 987a06e6-a296-510d-9da4-cca152fc13ce.
[2026-02-17 07:16:04Z INFO JobDispatcher] Successfully renew job 987a06e6-a296-510d-9da4-cca152fc13ce, job is valid till 2/17/2026 7:26:03 AM
[2026-02-17 07:16:04Z INFO HostContext] Well known directory 'Bin': 'C:\Users\Romdhani\Desktop\devops\actions-runner\bin'
[2026-02-17 07:16:04Z INFO ProcessInvokerWrapper] Starting process:
[2026-02-17 07:16:04Z INFO ProcessInvokerWrapper]   File name: 'C:\Users\Romdhani\Desktop\devops\actions-runner\bin\Runner.Worker.exe'
[2026-02-17 07:16:04Z INFO ProcessInvokerWrapper]   Arguments: 'spawnclient 2348 2360'
[2026-02-17 07:16:04Z INFO ProcessInvokerWrapper]   Working directory: 'C:\Users\Romdhani\Desktop\devops\actions-runner\bin'
[2026-02-17 07:16:04Z INFO ProcessInvokerWrapper]   Require exit code zero: 'False'
[2026-02-17 07:16:04Z INFO ProcessInvokerWrapper]   Encoding web name:  ; code page: ''
[2026-02-17 07:16:04Z INFO ProcessInvokerWrapper]   Force kill process on cancellation: 'True'
[2026-02-17 07:16:04Z INFO ProcessInvokerWrapper]   Redirected STDIN: 'False'
[2026-02-17 07:16:04Z INFO ProcessInvokerWrapper]   Persist current code page: 'False'
[2026-02-17 07:16:04Z INFO ProcessInvokerWrapper]   Keep redirected STDIN open: 'False'
[2026-02-17 07:16:04Z INFO ProcessInvokerWrapper]   High priority process: 'True'
[2026-02-17 07:16:04Z INFO ProcessInvokerWrapper] Process started with process id 27552, waiting for process exit.
[2026-02-17 07:16:04Z INFO JobDispatcher] Send job request message to worker for job 987a06e6-a296-510d-9da4-cca152fc13ce.
[2026-02-17 07:16:04Z INFO ProcessChannel] Sending message of length 21645, with hash '04d9cb9bd166f7256580064a83fe79469fcff632b4880eeeea913cc85c2ac7fa'
[2026-02-17 07:16:05Z INFO JobNotification] Entering JobStarted Notification
[2026-02-17 07:16:05Z INFO JobNotification] Entering StartMonitor
[2026-02-17 07:16:51Z INFO ProcessInvokerWrapper] STDOUT/STDERR stream read finished.
[2026-02-17 07:16:51Z INFO ProcessInvokerWrapper] STDOUT/STDERR stream read finished.
[2026-02-17 07:16:51Z INFO ProcessInvokerWrapper] Finished process 27552 with exit code 102, and elapsed time 00:00:47.3728419.
[2026-02-17 07:16:51Z INFO JobDispatcher] Worker finished for job 987a06e6-a296-510d-9da4-cca152fc13ce. Code: 102
[2026-02-17 07:16:51Z INFO JobDispatcher] finish job request for job 987a06e6-a296-510d-9da4-cca152fc13ce with result: Failed
[2026-02-17 07:16:51Z INFO Terminal] WRITE LINE: 2026-02-17 07:16:51Z: Job continuous-deployment completed with result: Failed
[2026-02-17 07:16:51Z INFO JobDispatcher] Stop renew job request for job 987a06e6-a296-510d-9da4-cca152fc13ce.
[2026-02-17 07:16:51Z INFO JobDispatcher] job renew has been cancelled, stop renew job 987a06e6-a296-510d-9da4-cca152fc13ce.
[2026-02-17 07:16:51Z INFO JobNotification] Entering JobCompleted Notification
[2026-02-17 07:16:51Z INFO JobNotification] Entering EndMonitor
[2026-02-17 07:16:51Z INFO BrokerMessageListener] Received job status event. JobState: Online
[2026-02-17 07:16:51Z WARN GitHubActionsService] GET request to https://broker.actions.githubusercontent.com/message?sessionId=14c2a141-7864-4664-9619-3f99c633b232&status=Busy&runnerVersion=2.331.0&os=Windows&architecture=X64&disableUpdate=false has been cancelled.
[2026-02-17 07:16:51Z ERR  BrokerServer] Catch exception during request
[2026-02-17 07:16:51Z ERR  BrokerServer] System.Threading.Tasks.TaskCanceledException: The operation was canceled.
 ---> System.Threading.Tasks.TaskCanceledException: The operation was canceled.
 ---> System.IO.IOException: Unable to read data from the transport connection: The I/O operation has been aborted because of either a thread exit or an application request..
 ---> System.Net.Sockets.SocketException (995): The I/O operation has been aborted because of either a thread exit or an application request.
   --- End of inner exception stack trace ---
   at System.Net.Sockets.Socket.AwaitableSocketAsyncEventArgs.ThrowException(SocketError error, CancellationToken cancellationToken)
   at System.Net.Sockets.Socket.AwaitableSocketAsyncEventArgs.System.Threading.Tasks.Sources.IValueTaskSource<System.Int32>.GetResult(Int16 token)
   at System.Net.Security.SslStream.EnsureFullTlsFrameAsync[TIOAdapter](CancellationToken cancellationToken, Int32 estimatedSize)
   at System.Runtime.CompilerServices.PoolingAsyncValueTaskMethodBuilder`1.StateMachineBox`1.System.Threading.Tasks.Sources.IValueTaskSource<TResult>.GetResult(Int16 token)
   at System.Net.Security.SslStream.ReadAsyncInternal[TIOAdapter](Memory`1 buffer, CancellationToken cancellationToken)
   at System.Runtime.CompilerServices.PoolingAsyncValueTaskMethodBuilder`1.StateMachineBox`1.System.Threading.Tasks.Sources.IValueTaskSource<TResult>.GetResult(Int16 token)
   at System.Net.Http.HttpConnection.SendAsync(HttpRequestMessage request, Boolean async, CancellationToken cancellationToken)
   --- End of inner exception stack trace ---
   at System.Net.Http.HttpConnection.SendAsync(HttpRequestMessage request, Boolean async, CancellationToken cancellationToken)
   at System.Net.Http.AuthenticationHelper.SendWithNtAuthAsync(HttpRequestMessage request, Uri authUri, Boolean async, ICredentials credentials, Boolean isProxyAuth, HttpConnection connection, HttpConnectionPool connectionPool, CancellationToken cancellationToken)
   at System.Net.Http.HttpConnectionPool.SendWithVersionDetectionAndRetryAsync(HttpRequestMessage request, Boolean async, Boolean doRequestAuth, CancellationToken cancellationToken)
   at System.Net.Http.AuthenticationHelper.SendWithAuthAsync(HttpRequestMessage request, Uri authUri, Boolean async, ICredentials credentials, Boolean preAuthenticate, Boolean isProxyAuth, Boolean doRequestAuth, HttpConnectionPool pool, CancellationToken cancellationToken)
   at System.Net.Http.RedirectHandler.SendAsync(HttpRequestMessage request, Boolean async, CancellationToken cancellationToken)
   at GitHub.Services.Common.RawHttpMessageHandler.SendAsync(HttpRequestMessage request, CancellationToken cancellationToken)
   at GitHub.Services.Common.VssHttpRetryMessageHandler.SendAsync(HttpRequestMessage request, CancellationToken cancellationToken)
   at System.Net.Http.HttpClient.<SendAsync>g__Core|83_0(HttpRequestMessage request, HttpCompletionOption completionOption, CancellationTokenSource cts, Boolean disposeCts, CancellationTokenSource pendingRequestsCts, CancellationToken originalCancellationToken)
   --- End of inner exception stack trace ---
   at System.Net.Http.HttpClient.HandleFailure(Exception e, Boolean telemetryStarted, HttpResponseMessage response, CancellationTokenSource cts, CancellationToken cancellationToken, CancellationTokenSource pendingRequestsCts)
   at System.Net.Http.HttpClient.<SendAsync>g__Core|83_0(HttpRequestMessage request, HttpCompletionOption completionOption, CancellationTokenSource cts, Boolean disposeCts, CancellationTokenSource pendingRequestsCts, CancellationToken originalCancellationToken)
   at Sdk.WebApi.WebApi.RawHttpClientBase.SendAsync(HttpRequestMessage message, HttpCompletionOption completionOption, Object userState, CancellationToken cancellationToken)
   at Sdk.WebApi.WebApi.RawHttpClientBase.SendAsync[T](HttpRequestMessage message, Boolean readErrorBody, Object userState, CancellationToken cancellationToken)
   at Sdk.WebApi.WebApi.RawHttpClientBase.SendAsync[T](HttpMethod method, IEnumerable`1 additionalHeaders, Uri requestUri, HttpContent content, IEnumerable`1 queryParameters, Boolean readErrorBody, Object userState, CancellationToken cancellationToken)
   at GitHub.Actions.RunService.WebApi.BrokerHttpClient.GetRunnerMessageAsync(Nullable`1 sessionId, String runnerVersion, Nullable`1 status, String os, String architecture, Nullable`1 disableUpdate, CancellationToken cancellationToken)
   at GitHub.Runner.Common.BrokerServer.<>c__DisplayClass7_0.<<GetRunnerMessageAsync>b__0>d.MoveNext()
--- End of stack trace from previous location ---
   at GitHub.Runner.Common.RunnerService.RetryRequest[T](Func`1 func, CancellationToken cancellationToken, Int32 maxAttempts, Func`2 shouldRetry)
[2026-02-17 07:16:51Z ERR  BrokerServer] #####################################################
[2026-02-17 07:16:51Z ERR  BrokerServer] System.Threading.Tasks.TaskCanceledException: The operation was canceled.
 ---> System.IO.IOException: Unable to read data from the transport connection: The I/O operation has been aborted because of either a thread exit or an application request..
 ---> System.Net.Sockets.SocketException (995): The I/O operation has been aborted because of either a thread exit or an application request.
   --- End of inner exception stack trace ---
   at System.Net.Sockets.Socket.AwaitableSocketAsyncEventArgs.ThrowException(SocketError error, CancellationToken cancellationToken)
   at System.Net.Sockets.Socket.AwaitableSocketAsyncEventArgs.System.Threading.Tasks.Sources.IValueTaskSource<System.Int32>.GetResult(Int16 token)
   at System.Net.Security.SslStream.EnsureFullTlsFrameAsync[TIOAdapter](CancellationToken cancellationToken, Int32 estimatedSize)
   at System.Runtime.CompilerServices.PoolingAsyncValueTaskMethodBuilder`1.StateMachineBox`1.System.Threading.Tasks.Sources.IValueTaskSource<TResult>.GetResult(Int16 token)
   at System.Net.Security.SslStream.ReadAsyncInternal[TIOAdapter](Memory`1 buffer, CancellationToken cancellationToken)
   at System.Runtime.CompilerServices.PoolingAsyncValueTaskMethodBuilder`1.StateMachineBox`1.System.Threading.Tasks.Sources.IValueTaskSource<TResult>.GetResult(Int16 token)
   at System.Net.Http.HttpConnection.SendAsync(HttpRequestMessage request, Boolean async, CancellationToken cancellationToken)
   --- End of inner exception stack trace ---
   at System.Net.Http.HttpConnection.SendAsync(HttpRequestMessage request, Boolean async, CancellationToken cancellationToken)
   at System.Net.Http.AuthenticationHelper.SendWithNtAuthAsync(HttpRequestMessage request, Uri authUri, Boolean async, ICredentials credentials, Boolean isProxyAuth, HttpConnection connection, HttpConnectionPool connectionPool, CancellationToken cancellationToken)
   at System.Net.Http.HttpConnectionPool.SendWithVersionDetectionAndRetryAsync(HttpRequestMessage request, Boolean async, Boolean doRequestAuth, CancellationToken cancellationToken)
   at System.Net.Http.AuthenticationHelper.SendWithAuthAsync(HttpRequestMessage request, Uri authUri, Boolean async, ICredentials credentials, Boolean preAuthenticate, Boolean isProxyAuth, Boolean doRequestAuth, HttpConnectionPool pool, CancellationToken cancellationToken)
   at System.Net.Http.RedirectHandler.SendAsync(HttpRequestMessage request, Boolean async, CancellationToken cancellationToken)
   at GitHub.Services.Common.RawHttpMessageHandler.SendAsync(HttpRequestMessage request, CancellationToken cancellationToken)
   at GitHub.Services.Common.VssHttpRetryMessageHandler.SendAsync(HttpRequestMessage request, CancellationToken cancellationToken)
   at System.Net.Http.HttpClient.<SendAsync>g__Core|83_0(HttpRequestMessage request, HttpCompletionOption completionOption, CancellationTokenSource cts, Boolean disposeCts, CancellationTokenSource pendingRequestsCts, CancellationToken originalCancellationToken)
[2026-02-17 07:16:51Z ERR  BrokerServer] #####################################################
[2026-02-17 07:16:51Z ERR  BrokerServer] System.IO.IOException: Unable to read data from the transport connection: The I/O operation has been aborted because of either a thread exit or an application request..
 ---> System.Net.Sockets.SocketException (995): The I/O operation has been aborted because of either a thread exit or an application request.
   --- End of inner exception stack trace ---
   at System.Net.Sockets.Socket.AwaitableSocketAsyncEventArgs.ThrowException(SocketError error, CancellationToken cancellationToken)
   at System.Net.Sockets.Socket.AwaitableSocketAsyncEventArgs.System.Threading.Tasks.Sources.IValueTaskSource<System.Int32>.GetResult(Int16 token)
   at System.Net.Security.SslStream.EnsureFullTlsFrameAsync[TIOAdapter](CancellationToken cancellationToken, Int32 estimatedSize)
   at System.Runtime.CompilerServices.PoolingAsyncValueTaskMethodBuilder`1.StateMachineBox`1.System.Threading.Tasks.Sources.IValueTaskSource<TResult>.GetResult(Int16 token)
   at System.Net.Security.SslStream.ReadAsyncInternal[TIOAdapter](Memory`1 buffer, CancellationToken cancellationToken)
   at System.Runtime.CompilerServices.PoolingAsyncValueTaskMethodBuilder`1.StateMachineBox`1.System.Threading.Tasks.Sources.IValueTaskSource<TResult>.GetResult(Int16 token)
   at System.Net.Http.HttpConnection.SendAsync(HttpRequestMessage request, Boolean async, CancellationToken cancellationToken)
[2026-02-17 07:16:51Z ERR  BrokerServer] #####################################################
[2026-02-17 07:16:51Z ERR  BrokerServer] System.Net.Sockets.SocketException (995): The I/O operation has been aborted because of either a thread exit or an application request.
[2026-02-17 07:16:51Z WARN BrokerServer] Back off 7.338 seconds before next retry. 4 attempt left.
[2026-02-17 07:16:51Z INFO BrokerMessageListener] Get messages has been cancelled using local token source. Continue to get messages with new status.
